SF:lib\models\cast.dart
DA:6,1
DA:12,1
DA:13,1
DA:14,1
DA:15,1
DA:16,1
DA:20,0
DA:21,0
DA:23,0
LF:9
LH:6
end_of_record
SF:lib\database\favorite.dart
DA:7,1
DA:14,1
DA:15,1
DA:17,1
DA:30,1
DA:31,1
DA:32,1
DA:35,1
DA:40,1
DA:41,1
DA:42,1
DA:45,1
DA:47,1
DA:51,3
DA:52,3
DA:53,1
DA:56,1
DA:58,1
DA:59,0
DA:60,0
DA:62,0
DA:63,0
DA:64,0
DA:65,0
DA:67,0
DA:68,0
DA:73,0
DA:74,0
DA:76,0
LF:29
LH:18
end_of_record
SF:lib\database\seelater.dart
DA:5,1
DA:10,1
DA:11,1
DA:13,1
DA:23,0
DA:24,0
DA:25,0
DA:28,0
DA:33,0
DA:34,0
DA:35,0
DA:38,0
DA:40,0
LF:13
LH:4
end_of_record
SF:lib\database\personal_rate.dart
DA:7,1
DA:12,1
DA:13,1
DA:15,1
DA:19,2
DA:27,0
DA:28,0
DA:29,0
DA:32,0
DA:35,0
DA:36,0
DA:42,0
DA:43,0
DA:44,0
DA:47,0
DA:52,0
DA:53,0
DA:54,0
LF:18
LH:5
end_of_record
SF:lib\database\app_database.dart
DA:10,5
DA:12,5
DA:16,5
DA:17,5
DA:18,5
DA:20,5
DA:23,2
DA:27,2
DA:39,2
DA:49,2
DA:58,2
DA:66,0
DA:67,0
DA:68,0
DA:69,0
DA:70,0
LF:16
LH:11
end_of_record
SF:lib\pages\favorite_page.dart
DA:6,2
DA:8,2
DA:9,2
DA:16,2
DA:18,2
DA:19,2
DA:23,2
DA:24,2
DA:25,0
DA:26,0
DA:27,0
DA:31,2
DA:33,2
DA:35,2
DA:39,2
DA:41,0
DA:43,0
DA:45,0
DA:46,0
DA:47,0
DA:48,0
DA:54,0
DA:55,0
DA:56,0
DA:58,0
DA:59,0
DA:60,0
DA:61,0
DA:62,0
DA:63,0
DA:64,0
DA:69,0
DA:71,0
DA:74,0
DA:75,0
DA:76,0
DA:78,0
DA:79,0
DA:80,0
DA:81,0
DA:82,0
DA:83,0
DA:85,0
DA:89,0
DA:90,0
DA:91,0
DA:95,0
DA:97,0
DA:98,0
DA:99,0
LF:50
LH:12
end_of_record
SF:lib\pages\movie_detail.dart
DA:17,1
DA:19,1
DA:20,1
DA:40,1
DA:42,1
DA:43,1
DA:47,1
DA:48,3
DA:52,1
DA:54,0
DA:55,0
DA:56,0
DA:57,1
DA:58,1
DA:59,1
DA:60,2
DA:64,0
DA:66,0
DA:67,0
DA:68,0
DA:69,0
DA:70,0
DA:71,0
DA:72,0
DA:73,0
DA:74,0
DA:75,0
DA:76,0
DA:83,1
DA:85,1
DA:87,0
DA:88,0
DA:89,0
DA:90,0
DA:91,0
DA:92,0
DA:96,1
DA:97,0
DA:102,0
DA:103,0
DA:104,0
DA:105,0
DA:110,0
DA:111,0
DA:112,0
DA:113,0
DA:115,0
DA:116,0
DA:117,0
DA:118,0
DA:121,0
DA:124,0
DA:126,0
DA:127,0
DA:129,0
DA:133,0
DA:134,0
DA:135,0
DA:136,0
DA:138,0
DA:139,0
DA:140,0
DA:141,0
DA:142,0
DA:145,0
DA:149,0
DA:150,0
DA:151,0
DA:152,0
DA:154,0
DA:157,0
DA:158,0
DA:160,0
DA:162,0
DA:163,0
DA:165,0
DA:166,0
DA:167,0
DA:168,0
DA:173,0
DA:174,0
DA:176,0
DA:184,1
DA:187,3
DA:188,3
DA:194,6
DA:195,3
DA:196,1
DA:198,0
DA:199,0
DA:200,0
DA:201,0
DA:204,3
DA:208,1
DA:210,1
DA:212,1
DA:213,6
DA:214,3
DA:216,1
DA:218,1
DA:219,4
DA:220,4
DA:221,4
DA:227,1
DA:228,1
DA:229,2
DA:230,1
DA:231,2
DA:232,1
DA:233,1
DA:234,0
DA:235,1
DA:237,1
DA:238,4
DA:239,0
DA:246,1
DA:247,1
DA:248,1
DA:249,1
DA:250,2
DA:251,1
DA:252,9
DA:253,1
DA:258,1
DA:261,0
DA:262,0
DA:264,0
DA:265,0
DA:267,0
DA:269,0
DA:270,0
DA:271,0
DA:276,0
DA:279,1
DA:280,1
DA:282,1
DA:283,1
DA:284,1
DA:285,4
DA:286,3
DA:296,1
DA:297,1
DA:299,1
DA:301,1
DA:302,1
DA:303,1
LF:146
LH:65
end_of_record
SF:lib\widgets\cast_strip.dart
DA:7,0
DA:12,0
DA:14,0
DA:18,0
DA:20,0
DA:23,0
DA:25,0
DA:27,0
DA:28,0
DA:29,0
DA:30,0
DA:31,0
DA:33,0
DA:34,0
DA:35,0
DA:38,0
DA:39,0
DA:41,0
DA:46,0
DA:47,0
LF:20
LH:0
end_of_record
SF:lib\services\tmdb_api.dart
DA:8,3
DA:10,1
DA:12,2
DA:13,1
DA:14,1
DA:15,1
DA:16,2
DA:20,1
DA:25,0
DA:28,0
DA:29,0
DA:31,0
DA:32,0
DA:36,0
DA:41,0
DA:43,0
DA:44,0
DA:45,0
DA:46,0
DA:47,0
DA:53,0
DA:55,0
DA:56,0
DA:57,0
DA:58,0
DA:60,0
DA:61,0
DA:66,1
DA:68,2
DA:70,1
DA:71,1
DA:72,2
DA:77,0
DA:79,0
DA:80,0
DA:85,0
DA:88,0
DA:89,0
DA:90,0
DA:91,0
DA:92,0
DA:98,0
DA:100,0
DA:107,1
DA:109,2
DA:111,1
DA:112,1
DA:113,2
DA:117,1
DA:123,0
DA:125,3
DA:126,1
DA:130,0
DA:132,0
DA:134,0
DA:135,0
DA:136,0
DA:140,0
DA:146,0
DA:147,0
DA:149,0
DA:150,0
LF:62
LH:21
end_of_record
SF:lib\services\omdb_api.dart
DA:8,0
DA:9,0
DA:11,0
DA:19,0
DA:20,0
DA:22,0
DA:26,1
DA:27,2
DA:29,1
DA:36,0
DA:37,0
DA:43,0
DA:44,0
DA:46,0
DA:53,0
DA:54,0
LF:16
LH:3
end_of_record
SF:lib\widgets\icon_action_button.dart
DA:9,1
DA:17,1
DA:19,1
DA:20,1
DA:21,1
DA:22,1
DA:25,1
DA:27,1
DA:29,1
DA:32,1
DA:33,3
DA:35,1
DA:36,1
LF:13
LH:13
end_of_record
SF:lib\pages\home_page.dart
DA:8,1
DA:10,1
DA:11,1
DA:18,1
DA:20,1
DA:21,4
DA:22,0
DA:23,0
DA:24,0
DA:30,1
DA:31,1
DA:32,1
DA:34,1
DA:35,0
DA:41,1
DA:44,3
DA:46,1
DA:50,0
DA:51,0
DA:52,0
DA:62,1
DA:63,1
DA:66,1
DA:69,1
DA:70,0
DA:88,1
DA:89,1
DA:98,1
DA:100,1
DA:101,1
DA:111,1
DA:113,1
DA:114,1
DA:117,1
DA:119,2
DA:120,0
DA:121,0
DA:122,0
DA:123,0
DA:127,0
DA:128,0
DA:132,0
DA:133,0
DA:134,0
DA:136,0
DA:137,0
DA:138,0
DA:139,0
DA:140,0
DA:142,0
DA:145,0
DA:146,0
DA:147,0
DA:148,0
DA:149,0
DA:155,1
DA:157,1
DA:158,0
DA:160,0
DA:161,0
DA:163,0
DA:164,0
DA:166,0
DA:167,0
DA:168,0
DA:171,0
DA:172,0
DA:174,0
DA:175,0
DA:176,0
DA:177,0
DA:178,0
DA:179,0
DA:181,0
DA:182,0
DA:183,0
DA:184,0
DA:185,0
DA:189,0
DA:190,0
DA:191,0
DA:195,0
DA:196,0
DA:197,0
DA:198,0
DA:201,0
DA:206,0
DA:207,0
DA:219,0
DA:224,0
DA:225,0
DA:226,0
DA:227,0
DA:229,0
DA:230,0
DA:232,0
DA:240,0
DA:242,0
DA:243,0
DA:244,0
DA:255,0
DA:263,0
DA:265,0
DA:268,0
DA:269,0
DA:270,0
DA:271,0
DA:272,0
DA:273,0
DA:276,0
DA:277,0
DA:278,0
DA:279,0
DA:288,0
LF:114
LH:29
end_of_record
SF:lib\pages\CategoryDetail.dart
DA:7,1
DA:9,1
DA:11,2
DA:13,1
DA:15,1
DA:16,3
DA:20,1
DA:22,1
DA:23,1
DA:24,1
DA:26,1
DA:27,0
DA:28,0
DA:30,0
DA:31,0
DA:32,0
DA:33,0
DA:34,0
DA:39,1
DA:42,1
DA:43,1
DA:44,1
DA:46,1
DA:47,1
DA:48,1
DA:50,1
DA:51,1
DA:53,2
DA:54,1
DA:59,1
DA:60,1
DA:62,1
DA:65,1
DA:66,1
DA:67,1
DA:73,4
LF:36
LH:29
end_of_record
SF:lib\pages\classics_page.dart
DA:9,1
DA:11,0
DA:12,0
DA:22,0
DA:24,0
DA:25,0
DA:30,0
DA:33,0
DA:34,0
DA:35,0
DA:36,0
DA:40,0
DA:42,0
DA:43,0
DA:45,0
DA:46,0
DA:50,0
DA:51,0
DA:55,0
DA:57,0
DA:59,0
DA:65,0
DA:67,0
DA:68,0
DA:69,0
DA:70,0
DA:71,0
DA:79,0
DA:81,0
DA:84,0
DA:85,0
DA:86,0
DA:87,0
DA:95,0
DA:96,0
DA:97,0
DA:98,0
DA:99,0
DA:100,0
DA:101,0
DA:103,0
DA:104,0
DA:105,0
DA:106,0
DA:107,0
DA:108,0
DA:112,0
DA:113,0
DA:114,0
DA:117,0
DA:120,0
DA:121,0
DA:122,0
DA:124,0
DA:125,0
DA:126,0
DA:128,0
DA:129,0
DA:134,0
DA:135,0
DA:136,0
DA:137,0
DA:138,0
DA:139,0
DA:143,0
DA:144,0
DA:150,0
DA:151,0
DA:153,0
DA:154,0
DA:155,0
DA:161,0
DA:162,0
DA:163,0
LF:74
LH:1
end_of_record
SF:lib\pages\search_page.dart
DA:12,1
DA:14,1
DA:15,1
DA:29,1
DA:32,1
DA:33,1
DA:35,1
DA:36,1
DA:37,0
DA:38,0
DA:39,0
DA:40,0
DA:45,1
DA:46,3
DA:47,1
DA:49,2
DA:50,1
DA:51,1
DA:52,2
DA:57,2
DA:59,1
DA:60,0
DA:61,1
DA:63,2
DA:64,1
DA:65,1
DA:66,2
DA:68,0
DA:73,0
DA:74,0
DA:75,0
DA:80,1
DA:82,2
DA:83,1
DA:86,1
DA:88,1
DA:91,1
DA:92,1
DA:94,1
DA:97,1
DA:100,1
DA:102,1
DA:104,1
DA:105,1
DA:106,1
DA:111,1
DA:112,1
DA:114,1
DA:116,1
DA:118,1
DA:120,1
DA:130,1
DA:132,2
DA:139,1
DA:141,1
DA:142,1
DA:143,1
DA:144,1
DA:145,2
DA:147,1
DA:148,1
DA:149,0
DA:151,1
DA:153,2
DA:155,1
DA:157,1
DA:167,4
DA:168,1
DA:169,1
DA:172,1
DA:174,1
DA:176,1
DA:177,0
DA:179,0
DA:180,0
DA:186,0
DA:187,0
DA:188,0
DA:189,0
DA:190,0
DA:191,0
DA:193,0
DA:194,0
DA:197,0
DA:199,0
DA:200,0
DA:214,1
DA:215,1
DA:216,1
DA:217,1
DA:220,4
DA:225,1
DA:226,1
DA:227,1
DA:228,1
DA:229,1
DA:230,1
DA:231,1
DA:234,1
DA:242,1
DA:243,1
DA:246,1
DA:247,4
DA:250,2
DA:251,0
DA:252,0
DA:254,0
DA:255,0
DA:256,0
DA:269,0
DA:270,0
DA:271,0
DA:272,0
DA:274,0
DA:275,0
DA:277,0
DA:280,0
DA:281,0
DA:282,0
DA:283,0
DA:286,0
DA:287,0
DA:288,0
DA:289,0
DA:293,0
DA:296,0
DA:297,0
DA:298,0
DA:300,0
DA:301,0
DA:302,0
DA:305,0
DA:306,0
DA:311,0
DA:313,0
DA:314,0
DA:316,0
DA:319,0
DA:320,0
DA:327,0
DA:340,0
DA:341,0
DA:342,0
DA:343,0
DA:344,0
DA:346,0
DA:348,0
DA:349,0
DA:350,0
DA:351,0
DA:353,0
DA:358,1
DA:359,1
DA:360,1
DA:361,1
DA:362,1
DA:363,1
DA:364,2
DA:368,1
DA:369,1
DA:370,1
DA:371,1
DA:372,3
DA:376,2
DA:378,1
DA:379,1
LF:166
LH:95
end_of_record
SF:lib\pages\me_page.dart
DA:9,0
DA:11,0
DA:13,0
DA:15,0
DA:16,0
DA:17,0
DA:20,0
DA:23,0
DA:25,0
DA:27,0
DA:28,0
DA:29,0
DA:34,0
DA:35,0
DA:36,0
DA:38,0
DA:64,0
DA:72,0
DA:74,0
DA:75,0
DA:76,0
DA:78,0
DA:81,0
DA:85,0
DA:86,0
DA:87,0
DA:91,0
DA:92,0
DA:93,0
DA:95,0
DA:98,0
DA:102,0
DA:103,0
DA:104,0
DA:107,0
DA:111,0
DA:116,0
DA:134,0
DA:135,0
DA:136,0
DA:137,0
DA:138,0
DA:139,0
DA:141,0
DA:143,0
DA:144,0
DA:146,0
DA:147,0
DA:150,0
DA:153,0
LF:50
LH:0
end_of_record
SF:lib\pages\login_page.dart
DA:8,1
DA:10,1
DA:11,1
DA:24,1
DA:26,3
DA:28,3
DA:29,3
DA:35,0
DA:40,0
DA:44,0
DA:47,0
DA:51,0
DA:53,0
DA:56,0
DA:57,0
DA:59,0
DA:60,0
DA:62,0
DA:64,0
DA:65,0
DA:66,0
DA:67,0
DA:68,0
DA:73,0
DA:74,0
DA:83,0
DA:84,0
DA:88,1
DA:90,1
DA:92,1
DA:93,1
DA:95,1
DA:97,1
DA:99,1
DA:102,1
DA:104,1
DA:106,1
DA:107,1
DA:108,1
DA:117,1
DA:119,1
DA:126,1
DA:128,1
DA:131,1
DA:136,1
DA:138,2
DA:144,1
DA:146,1
DA:148,1
DA:150,1
DA:151,1
DA:152,1
DA:153,1
DA:159,1
DA:161,1
DA:162,1
DA:164,1
DA:165,1
DA:172,1
DA:174,1
DA:175,1
DA:181,1
DA:183,1
DA:184,0
DA:185,0
DA:187,1
DA:188,1
DA:197,1
DA:200,1
DA:201,2
DA:202,1
DA:203,1
DA:206,1
DA:207,1
DA:210,1
DA:229,1
DA:230,1
DA:231,3
DA:232,1
DA:234,3
DA:236,3
DA:243,1
DA:246,1
DA:247,0
DA:248,0
DA:251,1
DA:253,1
DA:254,1
DA:259,1
DA:260,2
DA:261,1
DA:262,1
DA:272,1
DA:274,1
DA:275,3
DA:276,1
DA:277,0
DA:279,0
DA:282,0
DA:283,0
DA:285,0
DA:287,0
DA:291,0
DA:299,1
DA:301,1
DA:302,1
DA:316,1
DA:317,1
DA:319,1
DA:322,1
DA:328,1
DA:334,1
DA:335,1
DA:336,1
DA:337,1
DA:338,1
DA:340,1
DA:342,1
DA:343,1
DA:345,2
DA:346,2
DA:349,1
DA:350,1
DA:351,1
DA:354,1
DA:355,2
DA:356,2
LF:127
LH:96
end_of_record
SF:lib\pages\profile_page.dart
DA:8,1
DA:10,1
DA:11,1
DA:22,1
DA:24,1
DA:25,1
DA:26,4
DA:27,1
DA:28,2
DA:29,1
DA:31,0
DA:37,1
DA:38,1
DA:41,1
DA:42,0
DA:45,0
DA:48,0
DA:49,0
DA:50,0
DA:51,0
DA:52,0
DA:53,0
DA:54,0
DA:55,0
DA:60,0
DA:61,0
DA:65,0
DA:66,0
DA:67,0
DA:69,0
DA:70,0
DA:71,0
DA:72,0
DA:73,0
DA:74,0
DA:78,0
DA:79,0
DA:80,0
DA:84,0
DA:85,0
DA:86,0
DA:87,0
DA:89,0
DA:90,0
DA:91,0
DA:92,0
DA:93,0
DA:96,0
DA:100,1
DA:102,1
DA:104,1
DA:105,1
DA:106,1
DA:109,1
DA:112,1
DA:114,1
DA:116,1
DA:117,1
DA:118,1
DA:123,1
DA:124,1
DA:126,0
DA:128,0
DA:129,0
DA:131,0
DA:133,0
DA:134,0
DA:136,0
DA:142,0
DA:144,0
DA:152,0
DA:153,0
DA:155,0
DA:157,0
DA:159,0
DA:161,0
DA:162,0
DA:163,0
DA:165,0
DA:174,0
DA:176,0
DA:181,0
DA:182,0
DA:187,0
DA:189,0
DA:190,0
DA:193,0
DA:195,0
DA:196,0
DA:209,0
DA:210,0
DA:213,0
DA:214,0
DA:215,0
DA:216,0
DA:218,0
DA:219,0
DA:220,0
DA:222,0
DA:223,0
DA:226,0
DA:227,0
DA:229,0
DA:230,0
DA:232,0
LF:105
LH:26
end_of_record
SF:lib\pages\signup_page.dart
DA:5,1
DA:7,1
DA:8,1
DA:22,1
DA:24,1
DA:26,1
DA:29,1
DA:31,0
DA:34,1
DA:35,1
DA:37,1
DA:39,1
DA:40,2
DA:42,1
DA:44,1
DA:45,1
DA:49,1
DA:51,2
DA:56,1
DA:58,1
DA:60,1
DA:62,1
DA:63,1
DA:64,1
DA:65,1
DA:71,1
DA:73,1
DA:75,1
DA:77,1
DA:78,1
DA:85,1
DA:87,1
DA:88,1
DA:92,1
DA:93,0
DA:94,0
DA:100,1
DA:102,1
DA:103,1
DA:107,1
DA:108,0
DA:109,0
DA:116,1
DA:119,1
DA:121,2
DA:123,3
DA:124,3
DA:125,0
DA:130,3
DA:131,0
DA:136,5
DA:137,2
DA:144,0
DA:148,0
DA:151,0
DA:154,0
DA:155,0
DA:156,0
DA:160,0
DA:163,0
DA:168,0
DA:169,0
DA:170,0
DA:175,0
DA:176,0
DA:180,0
DA:184,0
DA:185,0
DA:189,0
DA:192,1
DA:193,1
DA:195,1
DA:196,1
DA:200,1
DA:213,1
DA:215,1
DA:216,3
DA:217,1
DA:218,0
DA:219,0
DA:221,1
DA:223,1
DA:224,1
DA:238,1
DA:239,3
DA:242,1
DA:250,1
DA:251,1
DA:252,1
DA:253,1
DA:255,1
DA:258,1
DA:260,2
DA:261,2
DA:263,1
DA:264,1
LF:96
LH:70
end_of_record
